2022-04-05 16:16:17 [scrapy.utils.log] INFO: Scrapy 2.6.1 started (bot: G_market)
2022-04-05 16:16:17 [scrapy.utils.log] INFO: Versions: lxml 4.8.0.0, libxml2 2.9.12, cssselect 1.1.0, parsel 1.6.0, w3lib 1.21.0, Twisted 22.2.0, Python 3.9.7 (default, Sep 16 2021, 08:50:36) - [Clang 10.0.0 ], pyOpenSSL 21.0.0 (OpenSSL 1.1.1l  24 Aug 2021), cryptography 3.4.8, Platform macOS-10.16-x86_64-i386-64bit
2022-04-05 16:16:17 [scrapy.crawler] INFO: Overridden settings:
{'BOT_NAME': 'G_market',
 'LOG_FILE': 'G_Market.log',
 'NEWSPIDER_MODULE': 'G_market.spiders',
 'SPIDER_MODULES': ['G_market.spiders']}
2022-04-05 16:16:17 [scrapy.utils.log] DEBUG: Using reactor: twisted.internet.selectreactor.SelectReactor
2022-04-05 16:16:17 [scrapy.extensions.telnet] INFO: Telnet Password: 8392191b287dbb96
2022-04-05 16:16:17 [scrapy.middleware] INFO: Enabled extensions:
['scrapy.extensions.corestats.CoreStats',
 'scrapy.extensions.telnet.TelnetConsole',
 'scrapy.extensions.memusage.MemoryUsage',
 'scrapy.extensions.logstats.LogStats']
2022-04-05 16:16:17 [scrapy.middleware] INFO: Enabled downloader middlewares:
['scrapy.downloadermiddlewares.httpauth.HttpAuthMiddleware',
 'scrapy.downloadermiddlewares.downloadtimeout.DownloadTimeoutMiddleware',
 'scrapy.downloadermiddlewares.defaultheaders.DefaultHeadersMiddleware',
 'scrapy.downloadermiddlewares.useragent.UserAgentMiddleware',
 'scrapy.downloadermiddlewares.retry.RetryMiddleware',
 'scrapy.downloadermiddlewares.redirect.MetaRefreshMiddleware',
 'scrapy.downloadermiddlewares.httpcompression.HttpCompressionMiddleware',
 'scrapy.downloadermiddlewares.redirect.RedirectMiddleware',
 'scrapy.downloadermiddlewares.cookies.CookiesMiddleware',
 'scrapy.downloadermiddlewares.httpproxy.HttpProxyMiddleware',
 'scrapy.downloadermiddlewares.stats.DownloaderStats']
2022-04-05 16:16:17 [scrapy.middleware] INFO: Enabled spider middlewares:
['scrapy.spidermiddlewares.httperror.HttpErrorMiddleware',
 'scrapy.spidermiddlewares.offsite.OffsiteMiddleware',
 'scrapy.spidermiddlewares.referer.RefererMiddleware',
 'scrapy.spidermiddlewares.urllength.UrlLengthMiddleware',
 'scrapy.spidermiddlewares.depth.DepthMiddleware']
2022-04-05 16:16:17 [scrapy.middleware] INFO: Enabled item pipelines:
[]
2022-04-05 16:16:17 [scrapy.core.engine] INFO: Spider opened
2022-04-05 16:16:17 [scrapy.extensions.logstats] INFO: Crawled 0 pages (at 0 pages/min), scraped 0 items (at 0 items/min)
2022-04-05 16:16:17 [scrapy.extensions.telnet] INFO: Telnet console listening on 127.0.0.1:6023
2022-04-05 16:16:19 [scrapy.core.engine] DEBUG: Crawled (200) <GET https://browse.gmarket.co.kr/search?keyword=%EB%85%B8%ED%8A%B8%EB%B6%81&s=8> (referer: None)
2022-04-05 16:16:20 [scrapy.core.engine] INFO: Closing spider (finished)
2022-04-05 16:16:20 [scrapy.statscollectors] INFO: Dumping Scrapy stats:
{'downloader/request_bytes': 270,
 'downloader/request_count': 1,
 'downloader/request_method_count/GET': 1,
 'downloader/response_bytes': 104538,
 'downloader/response_count': 1,
 'downloader/response_status_count/200': 1,
 'elapsed_time_seconds': 3.118101,
 'finish_reason': 'finished',
 'finish_time': datetime.datetime(2022, 4, 5, 7, 16, 20, 479857),
 'httpcompression/response_bytes': 2075761,
 'httpcompression/response_count': 1,
 'log_count/DEBUG': 2,
 'log_count/INFO': 10,
 'memusage/max': 59940864,
 'memusage/startup': 59940864,
 'response_received_count': 1,
 'scheduler/dequeued': 1,
 'scheduler/dequeued/memory': 1,
 'scheduler/enqueued': 1,
 'scheduler/enqueued/memory': 1,
 'start_time': datetime.datetime(2022, 4, 5, 7, 16, 17, 361756)}
2022-04-05 16:16:20 [scrapy.core.engine] INFO: Spider closed (finished)
2022-04-05 16:16:34 [scrapy.utils.log] INFO: Scrapy 2.6.1 started (bot: G_market)
2022-04-05 16:16:34 [scrapy.utils.log] INFO: Versions: lxml 4.8.0.0, libxml2 2.9.12, cssselect 1.1.0, parsel 1.6.0, w3lib 1.21.0, Twisted 22.2.0, Python 3.9.7 (default, Sep 16 2021, 08:50:36) - [Clang 10.0.0 ], pyOpenSSL 21.0.0 (OpenSSL 1.1.1l  24 Aug 2021), cryptography 3.4.8, Platform macOS-10.16-x86_64-i386-64bit
2022-04-05 16:16:34 [scrapy.crawler] INFO: Overridden settings:
{'BOT_NAME': 'G_market',
 'LOG_ENABLED': False,
 'LOG_FILE': 'G_Market.log',
 'NEWSPIDER_MODULE': 'G_market.spiders',
 'SPIDER_MODULES': ['G_market.spiders']}
2022-04-05 16:16:34 [scrapy.utils.log] DEBUG: Using reactor: twisted.internet.selectreactor.SelectReactor
2022-04-05 16:16:34 [scrapy.extensions.telnet] INFO: Telnet Password: bf3572eb5bc927f0
2022-04-05 16:16:34 [scrapy.middleware] INFO: Enabled extensions:
['scrapy.extensions.corestats.CoreStats',
 'scrapy.extensions.telnet.TelnetConsole',
 'scrapy.extensions.memusage.MemoryUsage',
 'scrapy.extensions.logstats.LogStats']
2022-04-05 16:16:35 [scrapy.middleware] INFO: Enabled downloader middlewares:
['scrapy.downloadermiddlewares.httpauth.HttpAuthMiddleware',
 'scrapy.downloadermiddlewares.downloadtimeout.DownloadTimeoutMiddleware',
 'scrapy.downloadermiddlewares.defaultheaders.DefaultHeadersMiddleware',
 'scrapy.downloadermiddlewares.useragent.UserAgentMiddleware',
 'scrapy.downloadermiddlewares.retry.RetryMiddleware',
 'scrapy.downloadermiddlewares.redirect.MetaRefreshMiddleware',
 'scrapy.downloadermiddlewares.httpcompression.HttpCompressionMiddleware',
 'scrapy.downloadermiddlewares.redirect.RedirectMiddleware',
 'scrapy.downloadermiddlewares.cookies.CookiesMiddleware',
 'scrapy.downloadermiddlewares.httpproxy.HttpProxyMiddleware',
 'scrapy.downloadermiddlewares.stats.DownloaderStats']
2022-04-05 16:16:35 [scrapy.middleware] INFO: Enabled spider middlewares:
['scrapy.spidermiddlewares.httperror.HttpErrorMiddleware',
 'scrapy.spidermiddlewares.offsite.OffsiteMiddleware',
 'scrapy.spidermiddlewares.referer.RefererMiddleware',
 'scrapy.spidermiddlewares.urllength.UrlLengthMiddleware',
 'scrapy.spidermiddlewares.depth.DepthMiddleware']
2022-04-05 16:16:35 [scrapy.middleware] INFO: Enabled item pipelines:
[]
2022-04-05 16:16:35 [scrapy.core.engine] INFO: Spider opened
2022-04-05 16:16:35 [scrapy.extensions.logstats] INFO: Crawled 0 pages (at 0 pages/min), scraped 0 items (at 0 items/min)
2022-04-05 16:16:35 [scrapy.extensions.telnet] INFO: Telnet console listening on 127.0.0.1:6023
2022-04-05 16:16:36 [scrapy.core.engine] DEBUG: Crawled (200) <GET https://browse.gmarket.co.kr/search?keyword=%EB%85%B8%ED%8A%B8%EB%B6%81&s=8> (referer: None)
2022-04-05 16:16:37 [scrapy.core.engine] INFO: Closing spider (finished)
2022-04-05 16:16:37 [scrapy.statscollectors] INFO: Dumping Scrapy stats:
{'downloader/request_bytes': 270,
 'downloader/request_count': 1,
 'downloader/request_method_count/GET': 1,
 'downloader/response_bytes': 104550,
 'downloader/response_count': 1,
 'downloader/response_status_count/200': 1,
 'elapsed_time_seconds': 2.892353,
 'finish_reason': 'finished',
 'finish_time': datetime.datetime(2022, 4, 5, 7, 16, 37, 994827),
 'httpcompression/response_bytes': 2075502,
 'httpcompression/response_count': 1,
 'log_count/DEBUG': 2,
 'log_count/INFO': 10,
 'memusage/max': 59772928,
 'memusage/startup': 59772928,
 'response_received_count': 1,
 'scheduler/dequeued': 1,
 'scheduler/dequeued/memory': 1,
 'scheduler/enqueued': 1,
 'scheduler/enqueued/memory': 1,
 'start_time': datetime.datetime(2022, 4, 5, 7, 16, 35, 102474)}
2022-04-05 16:16:37 [scrapy.core.engine] INFO: Spider closed (finished)
2022-04-05 16:19:07 [scrapy.utils.log] INFO: Scrapy 2.6.1 started (bot: G_market)
2022-04-05 16:19:07 [scrapy.utils.log] INFO: Versions: lxml 4.8.0.0, libxml2 2.9.12, cssselect 1.1.0, parsel 1.6.0, w3lib 1.21.0, Twisted 22.2.0, Python 3.9.7 (default, Sep 16 2021, 08:50:36) - [Clang 10.0.0 ], pyOpenSSL 21.0.0 (OpenSSL 1.1.1l  24 Aug 2021), cryptography 3.4.8, Platform macOS-10.16-x86_64-i386-64bit
2022-04-05 16:19:07 [scrapy.crawler] INFO: Overridden settings:
{'BOT_NAME': 'G_market',
 'DUPEFILTER_CLASS': 'scrapy.dupefilters.BaseDupeFilter',
 'LOGSTATS_INTERVAL': 0,
 'LOG_FILE': 'G_Market.log',
 'NEWSPIDER_MODULE': 'G_market.spiders',
 'SPIDER_MODULES': ['G_market.spiders']}
2022-04-05 16:19:07 [scrapy.utils.log] DEBUG: Using reactor: twisted.internet.selectreactor.SelectReactor
2022-04-05 16:19:07 [scrapy.extensions.telnet] INFO: Telnet Password: ed4bd3ecfdb32b96
2022-04-05 16:19:07 [scrapy.middleware] INFO: Enabled extensions:
['scrapy.extensions.corestats.CoreStats',
 'scrapy.extensions.telnet.TelnetConsole',
 'scrapy.extensions.memusage.MemoryUsage']
2022-04-05 16:19:07 [scrapy.middleware] INFO: Enabled downloader middlewares:
['scrapy.downloadermiddlewares.httpauth.HttpAuthMiddleware',
 'scrapy.downloadermiddlewares.downloadtimeout.DownloadTimeoutMiddleware',
 'scrapy.downloadermiddlewares.defaultheaders.DefaultHeadersMiddleware',
 'scrapy.downloadermiddlewares.useragent.UserAgentMiddleware',
 'scrapy.downloadermiddlewares.retry.RetryMiddleware',
 'scrapy.downloadermiddlewares.redirect.MetaRefreshMiddleware',
 'scrapy.downloadermiddlewares.httpcompression.HttpCompressionMiddleware',
 'scrapy.downloadermiddlewares.redirect.RedirectMiddleware',
 'scrapy.downloadermiddlewares.cookies.CookiesMiddleware',
 'scrapy.downloadermiddlewares.httpproxy.HttpProxyMiddleware',
 'scrapy.downloadermiddlewares.stats.DownloaderStats']
2022-04-05 16:19:07 [scrapy.middleware] INFO: Enabled spider middlewares:
['scrapy.spidermiddlewares.httperror.HttpErrorMiddleware',
 'scrapy.spidermiddlewares.offsite.OffsiteMiddleware',
 'scrapy.spidermiddlewares.referer.RefererMiddleware',
 'scrapy.spidermiddlewares.urllength.UrlLengthMiddleware',
 'scrapy.spidermiddlewares.depth.DepthMiddleware']
2022-04-05 16:19:07 [scrapy.middleware] INFO: Enabled item pipelines:
[]
2022-04-05 16:19:07 [scrapy.extensions.telnet] INFO: Telnet console listening on 127.0.0.1:6023
2022-04-05 16:19:08 [asyncio] DEBUG: Using selector: KqueueSelector
2022-04-05 16:19:08 [asyncio] DEBUG: Using selector: KqueueSelector
2022-04-05 16:20:30 [scrapy.core.engine] INFO: Spider opened
2022-04-05 16:20:31 [scrapy.downloadermiddlewares.redirect] DEBUG: Redirecting (302) to <GET http://www.gmarket.co.kr/?redirect=1> from <GET https://browse.gmarket.co.kr/search?keyword=%EB%85%B8%ED%8A%B8%EB%B6%81&s>
2022-04-05 16:20:31 [filelock] DEBUG: Attempting to acquire lock 140482072471680 on /Users/violet/.cache/python-tldextract/3.9.7.final__anaconda3__0d3469__tldextract-3.2.0/publicsuffix.org-tlds/de84b5ca2167d4c83e38fb162f2e8738.tldextract.json.lock
2022-04-05 16:20:31 [filelock] DEBUG: Lock 140482072471680 acquired on /Users/violet/.cache/python-tldextract/3.9.7.final__anaconda3__0d3469__tldextract-3.2.0/publicsuffix.org-tlds/de84b5ca2167d4c83e38fb162f2e8738.tldextract.json.lock
2022-04-05 16:20:31 [filelock] DEBUG: Attempting to acquire lock 140482072473120 on /Users/violet/.cache/python-tldextract/3.9.7.final__anaconda3__0d3469__tldextract-3.2.0/urls/62bf135d1c2f3d4db4228b9ecaf507a2.tldextract.json.lock
2022-04-05 16:20:31 [filelock] DEBUG: Lock 140482072473120 acquired on /Users/violet/.cache/python-tldextract/3.9.7.final__anaconda3__0d3469__tldextract-3.2.0/urls/62bf135d1c2f3d4db4228b9ecaf507a2.tldextract.json.lock
2022-04-05 16:20:31 [filelock] DEBUG: Attempting to release lock 140482072473120 on /Users/violet/.cache/python-tldextract/3.9.7.final__anaconda3__0d3469__tldextract-3.2.0/urls/62bf135d1c2f3d4db4228b9ecaf507a2.tldextract.json.lock
2022-04-05 16:20:31 [filelock] DEBUG: Lock 140482072473120 released on /Users/violet/.cache/python-tldextract/3.9.7.final__anaconda3__0d3469__tldextract-3.2.0/urls/62bf135d1c2f3d4db4228b9ecaf507a2.tldextract.json.lock
2022-04-05 16:20:31 [filelock] DEBUG: Attempting to release lock 140482072471680 on /Users/violet/.cache/python-tldextract/3.9.7.final__anaconda3__0d3469__tldextract-3.2.0/publicsuffix.org-tlds/de84b5ca2167d4c83e38fb162f2e8738.tldextract.json.lock
2022-04-05 16:20:31 [filelock] DEBUG: Lock 140482072471680 released on /Users/violet/.cache/python-tldextract/3.9.7.final__anaconda3__0d3469__tldextract-3.2.0/publicsuffix.org-tlds/de84b5ca2167d4c83e38fb162f2e8738.tldextract.json.lock
2022-04-05 16:20:31 [scrapy.core.engine] DEBUG: Crawled (200) <GET http://www.gmarket.co.kr/?redirect=1> (referer: None)
2022-04-05 16:22:23 [scrapy.core.engine] DEBUG: Crawled (200) <GET https://browse.gmarket.co.kr/search?keyword=%EB%85%B8%ED%8A%B8%EB%B6%81&s=8> (referer: None)
